  [1m[36m (231.6ms)[0m  [1mCREATE TABLE "schema_migrations" ("version" varchar NOT NULL) [0m
  [1m[35m (0.2ms)[0m  select sqlite_version(*)
  [1m[36m (166.4ms)[0m  [1mCREATE UNIQUE INDEX "unique_schema_migrations" ON "schema_migrations" ("version")[0m
  [1m[35mActiveRecord::SchemaMigration Load (0.2ms)[0m  SELECT "schema_migrations".* FROM "schema_migrations"
Migrating to CreateArticles (20150331230715)
  [1m[36m (0.1ms)[0m  [1mbegin transaction[0m
  [1m[35m (0.4ms)[0m  CREATE TABLE "articles" ("id" INTEGER PRIMARY KEY AUTOINCREMENT NOT NULL, "title" varchar, "body" text, "created_at" datetime NOT NULL, "updated_at" datetime NOT NULL) 
  [1m[36mSQL (0.2ms)[0m  [1mINSERT INTO "schema_migrations" ("version") VALUES (?)[0m  [["version", "20150331230715"]]
  [1m[35m (162.0ms)[0m  commit transaction
  [1m[36mActiveRecord::SchemaMigration Load (0.1ms)[0m  [1mSELECT "schema_migrations".* FROM "schema_migrations"[0m
  [1m[36mActiveRecord::SchemaMigration Load (0.1ms)[0m  [1mSELECT "schema_migrations".* FROM "schema_migrations"[0m
  [1m[35mActiveRecord::SchemaMigration Load (0.1ms)[0m  SELECT "schema_migrations".* FROM "schema_migrations"
  [1m[36mArticle Load (1.2ms)[0m  [1mSELECT "articles".* FROM "articles"[0m
  [1m[35mArticle Load (0.3ms)[0m  SELECT "articles".* FROM "articles"
  [1m[36m (0.2ms)[0m  [1mbegin transaction[0m
  [1m[35mSQL (0.9ms)[0m  INSERT INTO "articles" ("title", "body", "created_at", "updated_at") VALUES (?, ?, ?, ?)  [["title", "Sample Article Title"], ["body", "This is the text for my article, woo hoo!"], ["created_at", "2015-03-31 23:14:57.552985"], ["updated_at", "2015-03-31 23:14:57.552985"]]
  [1m[36m (214.5ms)[0m  [1mcommit transaction[0m
  [1m[35mArticle Load (0.4ms)[0m  SELECT "articles".* FROM "articles"
  [1m[36m (0.1ms)[0m  [1mbegin transaction[0m
  [1m[35mSQL (0.7ms)[0m  INSERT INTO "articles" ("title", "body", "created_at", "updated_at") VALUES (?, ?, ?, ?)  [["title", "Sample 2"], ["body", "I'll take the ring to Mordor."], ["created_at", "2015-03-31 23:15:40.220952"], ["updated_at", "2015-03-31 23:15:40.220952"]]
  [1m[36m (191.0ms)[0m  [1mcommit transaction[0m
  [1m[35m (0.3ms)[0m  begin transaction
  [1m[36mSQL (0.7ms)[0m  [1mINSERT INTO "articles" ("title", "body", "created_at", "updated_at") VALUES (?, ?, ?, ?)[0m  [["title", "Sample 3"], ["body", "All of Time and Space, everything that ever happened or ever will.  Where do you want to start?"], ["created_at", "2015-03-31 23:16:29.472076"], ["updated_at", "2015-03-31 23:16:29.472076"]]
  [1m[35m (162.1ms)[0m  commit transaction
  [1m[36m (0.2ms)[0m  [1mbegin transaction[0m
  [1m[35mSQL (0.7ms)[0m  INSERT INTO "articles" ("title", "body", "created_at", "updated_at") VALUES (?, ?, ?, ?)  [["title", "Sample 4"], ["body", "Curioser and curioser."], ["created_at", "2015-03-31 23:16:59.064165"], ["updated_at", "2015-03-31 23:16:59.064165"]]
  [1m[36m (203.0ms)[0m  [1mcommit transaction[0m
  [1m[35mArticle Load (0.4ms)[0m  SELECT "articles".* FROM "articles"
